This file contains any messages produced by compilers while
running configure, to aid debugging if configure makes a mistake.

It was created by mkimage-profiles-desktop configure 0.1, which was
generated by GNU Autoconf 2.63.  Invocation command line was

  $ ./configure --with-distro=antique

## --------- ##
## Platform. ##
## --------- ##

hostname = comp-Athlon-64-cc61bf.localdomain
uname -m = i686
uname -r = 2.6.32-un-def-alt5
uname -s = Linux
uname -v = #1 SMP Thu Jan 21 12:16:01 UTC 2010

/usr/bin/uname -p = unknown
/bin/uname -X     = unknown

/bin/arch              = unknown
/usr/bin/arch -k       = unknown
/usr/convex/getsysinfo = unknown
/usr/bin/hostinfo      = unknown
/bin/machine           = unknown
/usr/bin/oslevel       = unknown
/bin/universe          = unknown

PATH: /home/inter/bin
PATH: /usr/local/bin
PATH: /usr/bin
PATH: /bin
PATH: /usr/bin
PATH: /usr/games
PATH: /usr/X11R6/bin


## ----------- ##
## Core tests. ##
## ----------- ##

configure:2051: result: ** distro: antique
configure:2053: result: ** installer: desktop
configure:2499: creating ./config.status

## ---------------------- ##
## Running config.status. ##
## ---------------------- ##

This file was extended by mkimage-profiles-desktop config.status 0.1, which was
generated by GNU Autoconf 2.63.  Invocation command line was

  CONFIG_FILES    = 
  CONFIG_HEADERS  = 
  CONFIG_LINKS    = 
  CONFIG_COMMANDS = 
  $ ./config.status 

on comp-Athlon-64-cc61bf.localdomain

config.status:726: creating Makefile
config.status:726: creating globals.mk
config.status:726: creating images.mk
config.status:726: creating use.mk
config.status:726: creating profiles/Makefile
config.status:726: creating profiles/addon/Makefile
config.status:726: creating profiles/live/Makefile
config.status:726: creating profiles/main/Makefile
config.status:726: creating profiles/kernel-pae/Makefile
config.status:726: creating profiles/install2/Makefile
config.status:726: creating profiles/isolinux/common
config.status:726: creating profiles/isolinux/install
config.status:726: creating profiles/contrib/Makefile
config.status:726: creating profiles/rescue/Makefile
config.status:726: creating profiles/ltsp/Makefile
config.status:726: creating profiles/pkg/lists/alterator-server
config.status:726: creating profiles/pkg/lists/asterisk-devel
config.status:726: creating profiles/pkg/lists/base
config.status:726: creating profiles/pkg/lists/base-server
config.status:726: creating profiles/pkg/lists/base-mithraenpbx
config.status:726: creating profiles/pkg/lists/contrib
config.status:726: creating profiles/pkg/lists/centaurus-dev
config.status:726: creating profiles/pkg/lists/disk-dvd
config.status:726: creating profiles/pkg/lists/disk-dvd-gnome
config.status:726: creating profiles/pkg/lists/disk-dvd-kde
config.status:726: creating profiles/pkg/lists/disk-server
config.status:726: creating profiles/pkg/lists/disk-server-light
config.status:726: creating profiles/pkg/lists/docs
config.status:726: creating profiles/pkg/lists/emulators
config.status:726: creating profiles/pkg/lists/gnome-base
config.status:726: creating profiles/pkg/lists/gnome-addons
config.status:726: creating profiles/pkg/lists/gnome-workbench
config.status:726: creating profiles/pkg/lists/graphics-editing
config.status:726: creating profiles/pkg/lists/install2
config.status:726: creating profiles/pkg/lists/kde
config.status:726: creating profiles/pkg/lists/kde3
config.status:726: creating profiles/pkg/lists/kde3-lite
config.status:726: creating profiles/pkg/lists/kde-lite
config.status:726: creating profiles/pkg/lists/kernel
config.status:726: creating profiles/pkg/lists/kernel-desktop
config.status:726: creating profiles/pkg/lists/kernel-installer
config.status:726: creating profiles/pkg/lists/kernel-pbx
config.status:726: creating profiles/pkg/lists/kernel-pbx-wanpipe
config.status:726: creating profiles/pkg/lists/kernel-video
config.status:726: creating profiles/pkg/lists/kernel-wifi
config.status:726: creating profiles/pkg/lists/kernel-server
config.status:726: creating profiles/pkg/lists/network
config.status:726: creating profiles/pkg/lists/office-superlite
config.status:726: creating profiles/pkg/lists/office-server
config.status:726: creating profiles/pkg/lists/school-server
config.status:726: creating profiles/pkg/lists/pspo
config.status:726: creating profiles/pkg/lists/pspo-kde
config.status:726: creating profiles/pkg/lists/pspo-gnome
config.status:726: creating profiles/pkg/lists/rescue
config.status:726: creating profiles/pkg/lists/server
config.status:726: creating profiles/pkg/lists/server-light
config.status:726: creating profiles/pkg/lists/slinux-network
config.status:726: creating profiles/pkg/lists/xfce
config.status:726: creating profiles/pkg/lists/xfce-network-lite
config.status:726: creating profiles/pkg/lists/xfce-office-lite
config.status:726: creating profiles/pkg/lists/xorg
config.status:726: creating profiles/scripts.d/02-gfxboot
config.status:726: creating profiles/scripts.d/05-copydocs
config.status:726: creating tests/tests.d/contents
config.status:726: creating tests/Makefile

## ---------------- ##
## Cache variables. ##
## ---------------- ##

ac_cv_env_build_alias_set=
ac_cv_env_build_alias_value=
ac_cv_env_host_alias_set=
ac_cv_env_host_alias_value=
ac_cv_env_target_alias_set=
ac_cv_env_target_alias_value=

## ----------------- ##
## Output variables. ##
## ----------------- ##

APTCONF='/etc/apt/apt.conf'
APTCONF_PACKAGE='branch'
ARCH='i586'
BRANCH='5.1'
BRAND='altlinux'
BRANDING='altlinux-desktop'
CLAMAV_DB='http://database.clamav.net/'
DEFAULT_ISO='antique.cd'
DEFS='-DPACKAGE_NAME=\"mkimage-profiles-desktop\" -DPACKAGE_TARNAME=\"mkimage-profiles-desktop\" -DPACKAGE_VERSION=\"0.1\" -DPACKAGE_STRING=\"mkimage-profiles-desktop\ 0.1\" -DPACKAGE_BUGREPORT=\"http://bugzilla.altlinux.ru\ \"'
DESIGN='desktop'
DISTRO='antique'
DOCS=''
ECHO_C=''
ECHO_N='-n'
ECHO_T=''
FEATURES=''
I586_ONLY=''
IMAGETYPE='iso'
INSTALLER='desktop'
INTERNAL='#'
ISOLINUX_DEFAULT='harddisk'
KERNEL='un-def'
KERNEL_FLAVOUR=''
KERNEL_MOD='un-def'
KERNEL_REL=''
KERNEL_RELEASE=''
KERNEL_VER=''
LABEL='Antique'
LANGUAGE='ru'
LIBOBJS=''
LIBS=''
LOCALE='ru_RU'
LTLIBOBJS=''
MKI_PREFIX=''
NODOCS='#'
OUTDIR='/home/inter/out/antique'
PACKAGE_BUGREPORT='http://bugzilla.altlinux.ru '
PACKAGE_NAME='mkimage-profiles-desktop'
PACKAGE_STRING='mkimage-profiles-desktop 0.1'
PACKAGE_TARNAME='mkimage-profiles-desktop'
PACKAGE_VERSION='0.1'
PATH_SEPARATOR=':'
SHELL='/bin/sh'
SQUASHFS_VERSION='4'
TOPDIR='/home/inter/mkiso/github/antique'
VERSION='5.1'
bindir='${exec_prefix}/bin'
build_alias=''
datadir='${datarootdir}'
datarootdir='${prefix}/share'
docdir='${datarootdir}/doc/${PACKAGE_TARNAME}'
dvidir='${docdir}'
exec_prefix='${prefix}'
host_alias=''
htmldir='${docdir}'
includedir='${prefix}/include'
infodir='${datarootdir}/info'
libdir='${exec_prefix}/lib'
libexecdir='${exec_prefix}/libexec'
localedir='${datarootdir}/locale'
localstatedir='${prefix}/var'
mandir='${datarootdir}/man'
oldincludedir='/usr/include'
pdfdir='${docdir}'
prefix='/usr/local'
program_transform_name='s,x,x,'
psdir='${docdir}'
sbindir='${exec_prefix}/sbin'
sharedstatedir='${prefix}/com'
sysconfdir='${prefix}/etc'
target_alias=''

## ----------- ##
## confdefs.h. ##
## ----------- ##

#define PACKAGE_NAME "mkimage-profiles-desktop"
#define PACKAGE_TARNAME "mkimage-profiles-desktop"
#define PACKAGE_VERSION "0.1"
#define PACKAGE_STRING "mkimage-profiles-desktop 0.1"
#define PACKAGE_BUGREPORT "http://bugzilla.altlinux.ru "

configure: exit 0
